#! /opt/homebrew/Cellar/icarus-verilog/12.0/bin/vvp
:ivl_version "12.0 (stable)";
:ivl_delay_selection "TYPICAL";
:vpi_time_precision - 9;
:vpi_module "/opt/homebrew/Cellar/icarus-verilog/12.0/lib/ivl/system.vpi";
:vpi_module "/opt/homebrew/Cellar/icarus-verilog/12.0/lib/ivl/vhdl_sys.vpi";
:vpi_module "/opt/homebrew/Cellar/icarus-verilog/12.0/lib/ivl/vhdl_textio.vpi";
:vpi_module "/opt/homebrew/Cellar/icarus-verilog/12.0/lib/ivl/v2005_math.vpi";
:vpi_module "/opt/homebrew/Cellar/icarus-verilog/12.0/lib/ivl/va_math.vpi";
S_0x131709450 .scope module, "REG1" "REG1" 2 3;
 .timescale -3 -9;
    .port_info 0 /INPUT 1 "clk";
    .port_info 1 /INPUT 1 "en";
    .port_info 2 /INPUT 4 "numin";
    .port_info 3 /OUTPUT 4 "numout";
L_0x13171fdd0 .functor BUFZ 4, v0x13171f360_0, C4<0000>, C4<0000>, C4<0000>;
o0x138040010 .functor BUFZ 1, C4<z>; HiZ drive
v0x131706c10_0 .net "clk", 0 0, o0x138040010;  0 drivers
o0x138040040 .functor BUFZ 1, C4<z>; HiZ drive
v0x13171f170_0 .net "en", 0 0, o0x138040040;  0 drivers
o0x138040070 .functor BUFZ 4, C4<zzzz>; HiZ drive
v0x13171f210_0 .net "numin", 3 0, o0x138040070;  0 drivers
v0x13171f2b0_0 .net "numout", 3 0, L_0x13171fdd0;  1 drivers
v0x13171f360_0 .var "ram", 3 0;
E_0x13170d660 .event posedge, v0x131706c10_0;
S_0x1317095c0 .scope module, "testbench" "testbench" 2 45;
 .timescale -3 -9;
v0x13171fb00_0 .var "clk", 0 0;
v0x13171fba0_0 .var "en", 0 0;
v0x13171fc50_0 .var "in_num", 3 0;
v0x13171fd20_0 .net "out_num", 3 0, v0x13171f930_0;  1 drivers
S_0x13171f490 .scope module, "rotate" "ROTATOR" 2 52, 2 18 0, S_0x1317095c0;
 .timescale -3 -9;
    .port_info 0 /INPUT 1 "clk";
    .port_info 1 /INPUT 1 "en";
    .port_info 2 /INPUT 4 "num";
    .port_info 3 /OUTPUT 4 "numrotated";
v0x13171f720_0 .net "clk", 0 0, v0x13171fb00_0;  1 drivers
v0x13171f7d0_0 .net "en", 0 0, v0x13171fba0_0;  1 drivers
v0x13171f870_0 .net "num", 3 0, v0x13171fc50_0;  1 drivers
v0x13171f930_0 .var "numrotated", 3 0;
v0x13171f9e0_0 .var "tracker", 0 0;
E_0x13171f6c0 .event posedge, v0x13171f720_0;
    .scope S_0x131709450;
T_0 ;
    %wait E_0x13170d660;
    %load/vec4 v0x13171f170_0;
    %flag_set/vec4 8;
    %jmp/0xz  T_0.0, 8;
    %load/vec4 v0x13171f210_0;
    %store/vec4 v0x13171f360_0, 0, 4;
T_0.0 ;
    %jmp T_0;
    .thread T_0;
    .scope S_0x13171f490;
T_1 ;
    %pushi/vec4 0, 0, 1;
    %store/vec4 v0x13171f9e0_0, 0, 1;
    %end;
    .thread T_1;
    .scope S_0x13171f490;
T_2 ;
    %wait E_0x13171f6c0;
    %load/vec4 v0x13171f7d0_0;
    %flag_set/vec4 8;
    %jmp/0xz  T_2.0, 8;
    %load/vec4 v0x13171f9e0_0;
    %flag_set/vec4 8;
    %jmp/0xz  T_2.2, 8;
    %load/vec4 v0x13171f930_0;
    %parti/s 1, 0, 2;
    %load/vec4 v0x13171f930_0;
    %parti/s 3, 1, 2;
    %concat/vec4; draw_concat_vec4
    %store/vec4 v0x13171f930_0, 0, 4;
    %pushi/vec4 0, 0, 1;
    %store/vec4 v0x13171f9e0_0, 0, 1;
    %jmp T_2.3;
T_2.2 ;
    %load/vec4 v0x13171f870_0;
    %parti/s 1, 0, 2;
    %load/vec4 v0x13171f870_0;
    %parti/s 3, 1, 2;
    %concat/vec4; draw_concat_vec4
    %store/vec4 v0x13171f930_0, 0, 4;
    %pushi/vec4 1, 0, 1;
    %store/vec4 v0x13171f9e0_0, 0, 1;
T_2.3 ;
T_2.0 ;
    %jmp T_2;
    .thread T_2;
    .scope S_0x1317095c0;
T_3 ;
    %delay 500000, 0;
    %load/vec4 v0x13171fb00_0;
    %inv;
    %store/vec4 v0x13171fb00_0, 0, 1;
    %jmp T_3;
    .thread T_3;
    .scope S_0x1317095c0;
T_4 ;
    %vpi_call 2 58 "$monitor", " ", $time, " clk=%b, en=%b, in_num=%b, out_num=%b", v0x13171fb00_0, v0x13171fba0_0, v0x13171fc50_0, v0x13171fd20_0 {0 0 0};
    %end;
    .thread T_4;
    .scope S_0x1317095c0;
T_5 ;
    %pushi/vec4 1, 0, 1;
    %store/vec4 v0x13171fb00_0, 0, 1;
    %pushi/vec4 1, 0, 1;
    %store/vec4 v0x13171fba0_0, 0, 1;
    %pushi/vec4 10, 0, 4;
    %store/vec4 v0x13171fc50_0, 0, 4;
    %delay 5000000, 0;
    %pushi/vec4 3, 0, 4;
    %store/vec4 v0x13171fc50_0, 0, 4;
    %delay 50000000, 0;
    %vpi_call 2 68 "$finish" {0 0 0};
    %end;
    .thread T_5;
# The file index is used to find the file name in the following table.
:file_names 3;
    "N/A";
    "<interactive>";
    "labtest/13_14/test.v";
